2024 - 10 - 01

#1	HELGRIND 

    valgrind --tool=helgrind ./philo 1 60 200 200 2
    ==79671== Helgrind, a thread error detector
    ==79671== Copyright (C) 2007-2017, and GNU GPL'd, by OpenWorks LLP et al.
    ==79671== Using Valgrind-3.18.1 and LibVEX; rerun with -h for copyright info
    ==79671== Command: ./philo 1 60 200 200 2
    ==79671== 
    1 1 has taken a fork
    67 1 died
    ==79671== ---Thread-Announcement------------------------------------------
    ==79671== 
    ==79671== Thread #2 was created
    ==79671==    at 0x499C9F3: clone (clone.S:76)
    ==79671==    by 0x499D8EE: __clone_internal (clone-internal.c:83)
    ==79671==    by 0x490B6D8: create_thread (pthread_create.c:295)
    ==79671==    by 0x490C1FF: pthread_create@@GLIBC_2.34 (pthread_create.c:828)
    ==79671==    by 0x4853767: ??? (in /usr/libexec/valgrind/vgpreload_helgrind-amd64-linux.so)
    ==79671==    by 0x401901: run_program (in /home/grial/Desktop/git/philosophers/philo)
    ==79671==    by 0x401247: main (in /home/grial/Desktop/git/philosophers/philo)
    ==79671== 
    ==79671== ----------------------------------------------------------------
    ==79671== 
    ==79671== Thread #2 unlocked a not-locked lock at 0x4AA3100
    ==79671==    at 0x48511E6: ??? (in /usr/libexec/valgrind/vgpreload_helgrind-amd64-linux.so)
    ==79671==    by 0x402027: monitor (in /home/grial/Desktop/git/philosophers/philo)
    ==79671==    by 0x485396A: ??? (in /usr/libexec/valgrind/vgpreload_helgrind-amd64-linux.so)
    ==79671==    by 0x490BAC2: start_thread (pthread_create.c:442)
    ==79671==    by 0x499CA03: clone (clone.S:100)
    ==79671==  Lock at 0x4AA3100 was first observed
    ==79671==    at 0x4854BFE: pthread_mutex_init (in /usr/libexec/valgrind/vgpreload_helgrind-amd64-linux.so)
    ==79671==    by 0x401468: create_forks (in /home/grial/Desktop/git/philosophers/philo)
    ==79671==    by 0x401366: create_program (in /home/grial/Desktop/git/philosophers/philo)
    ==79671==    by 0x40123A: main (in /home/grial/Desktop/git/philosophers/philo)
    ==79671==  Address 0x4aa3100 is 0 bytes inside a block of size 40 alloc'd
    ==79671==    at 0x484A919: malloc (in /usr/libexec/valgrind/vgpreload_helgrind-amd64-linux.so)
    ==79671==    by 0x401412: create_forks (in /home/grial/Desktop/git/philosophers/philo)
    ==79671==    by 0x401366: create_program (in /home/grial/Desktop/git/philosophers/philo)
    ==79671==    by 0x40123A: main (in /home/grial/Desktop/git/philosophers/philo)
    ==79671==  Block was alloc'd by thread #1
    ==79671== 
    ==79671== 